Sending build context to Docker daemon  2.56 kB
Step 1/7 : FROM ubuntu:14.04
 ---> b969ab9f929b
Step 2/7 : MAINTAINER Jason Odoom <jo75@njit.edu>
 ---> Using cache
 ---> 3590d074cf54
Step 3/7 : RUN apt-get -q update     && apt-get -qy --force-yes dist-upgrade     && apt-get install -y apache2 libapache2-mod-auth-mysql php5-mysql     php5 libapache2-mod-php5 php5-mcrypt
 ---> Running in 08905aa56614
Ign http://archive.ubuntu.com trusty InRelease
Get:1 http://archive.ubuntu.com trusty-updates InRelease [65.9 kB]
Get:2 http://archive.ubuntu.com trusty-security InRelease [65.9 kB]
Get:3 http://archive.ubuntu.com trusty Release.gpg [933 B]
Get:4 http://archive.ubuntu.com trusty-updates/main Sources [481 kB]
Get:5 http://archive.ubuntu.com trusty-updates/restricted Sources [5957 B]
Get:6 http://archive.ubuntu.com trusty-updates/universe Sources [216 kB]
Get:7 http://archive.ubuntu.com trusty-updates/main amd64 Packages [1172 kB]
Get:8 http://archive.ubuntu.com trusty-updates/restricted amd64 Packages [20.4 kB]
Get:9 http://archive.ubuntu.com trusty-updates/universe amd64 Packages [508 kB]
Get:10 http://archive.ubuntu.com trusty Release [58.5 kB]
Get:11 http://archive.ubuntu.com trusty-security/main Sources [157 kB]
Get:12 http://archive.ubuntu.com trusty-security/restricted Sources [4667 B]
Get:13 http://archive.ubuntu.com trusty-security/universe Sources [56.8 kB]
Get:14 http://archive.ubuntu.com trusty-security/main amd64 Packages [711 kB]
Get:15 http://archive.ubuntu.com trusty-security/restricted amd64 Packages [17.0 kB]
Get:16 http://archive.ubuntu.com trusty-security/universe amd64 Packages [194 kB]
Get:17 http://archive.ubuntu.com trusty/main Sources [1335 kB]
Get:18 http://archive.ubuntu.com trusty/restricted Sources [5335 B]
Get:19 http://archive.ubuntu.com trusty/universe Sources [7926 kB]
Get:20 http://archive.ubuntu.com trusty/main amd64 Packages [1743 kB]
Get:21 http://archive.ubuntu.com trusty/restricted amd64 Packages [16.0 kB]
Get:22 http://archive.ubuntu.com trusty/universe amd64 Packages [7589 kB]
Fetched 22.3 MB in 3min 21s (111 kB/s)
Reading package lists...
Reading package lists...
Building dependency tree...
Reading state information...
0 upgraded, 0 newly installed, 0 to remove and 0 not upgraded.
Reading package lists...
Building dependency tree...
Reading state information...
The following extra packages will be installed:
  apache2-bin apache2-data libapr1 libaprutil1 libaprutil1-dbd-sqlite3
  libaprutil1-ldap libasn1-8-heimdal libedit2 libgssapi3-heimdal
  libhcrypto4-heimdal libheimbase1-heimdal libheimntlm0-heimdal
  libhx509-5-heimdal libkrb5-26-heimdal libldap-2.4-2 libmcrypt4
  libmysqlclient18 libroken18-heimdal libsasl2-2 libsasl2-modules
  libsasl2-modules-db libwind0-heimdal libxml2 lsof mysql-common openssl
  php5-cli php5-common php5-json php5-readline psmisc sgml-base ssl-cert
  xml-core
Suggested packages:
  www-browser apache2-doc apache2-suexec-pristine apache2-suexec-custom ufw
  apache2-utils php-pear libmcrypt-dev mcrypt libsasl2-modules-otp
  libsasl2-modules-ldap libsasl2-modules-sql libsasl2-modules-gssapi-mit
  libsasl2-modules-gssapi-heimdal ca-certificates php5-user-cache
  sgml-base-doc openssl-blacklist debhelper
The following NEW packages will be installed:
  apache2 apache2-bin apache2-data libapache2-mod-auth-mysql
  libapache2-mod-php5 libapr1 libaprutil1 libaprutil1-dbd-sqlite3
  libaprutil1-ldap libasn1-8-heimdal libedit2 libgssapi3-heimdal
  libhcrypto4-heimdal libheimbase1-heimdal libheimntlm0-heimdal
  libhx509-5-heimdal libkrb5-26-heimdal libldap-2.4-2 libmcrypt4
  libmysqlclient18 libroken18-heimdal libsasl2-2 libsasl2-modules
  libsasl2-modules-db libwind0-heimdal libxml2 lsof mysql-common openssl php5
  php5-cli php5-common php5-json php5-mcrypt php5-mysql php5-readline psmisc
  sgml-base ssl-cert xml-core
0 upgraded, 40 newly installed, 0 to remove and 0 not upgraded.
Need to get 9474 kB of archives.
After this operation, 38.3 MB of additional disk space will be used.
Get:1 http://archive.ubuntu.com/ubuntu/ trusty-updates/main libroken18-heimdal amd64 1.6~git20131207+dfsg-1ubuntu1.1 [40.0 kB]
Get:2 http://archive.ubuntu.com/ubuntu/ trusty-updates/main libasn1-8-heimdal amd64 1.6~git20131207+dfsg-1ubuntu1.1 [161 kB]
Get:3 http://archive.ubuntu.com/ubuntu/ trusty/main libedit2 amd64 3.1-20130712-2 [86.7 kB]
Get:4 http://archive.ubuntu.com/ubuntu/ trusty-updates/main libhcrypto4-heimdal amd64 1.6~git20131207+dfsg-1ubuntu1.1 [83.9 kB]
Get:5 http://archive.ubuntu.com/ubuntu/ trusty-updates/main libheimbase1-heimdal amd64 1.6~git20131207+dfsg-1ubuntu1.1 [28.9 kB]
Get:6 http://archive.ubuntu.com/ubuntu/ trusty-updates/main libwind0-heimdal amd64 1.6~git20131207+dfsg-1ubuntu1.1 [47.8 kB]
Get:7 http://archive.ubuntu.com/ubuntu/ trusty-updates/main libhx509-5-heimdal amd64 1.6~git20131207+dfsg-1ubuntu1.1 [104 kB]
Get:8 http://archive.ubuntu.com/ubuntu/ trusty-updates/main libkrb5-26-heimdal amd64 1.6~git20131207+dfsg-1ubuntu1.1 [196 kB]
Get:9 http://archive.ubuntu.com/ubuntu/ trusty-updates/main libheimntlm0-heimdal amd64 1.6~git20131207+dfsg-1ubuntu1.1 [15.2 kB]
Get:10 http://archive.ubuntu.com/ubuntu/ trusty-updates/main libgssapi3-heimdal amd64 1.6~git20131207+dfsg-1ubuntu1.1 [89.8 kB]
Get:11 http://archive.ubuntu.com/ubuntu/ trusty/main libsasl2-modules-db amd64 2.1.25.dfsg1-17build1 [14.9 kB]
Get:12 http://archive.ubuntu.com/ubuntu/ trusty/main libsasl2-2 amd64 2.1.25.dfsg1-17build1 [56.5 kB]
Get:13 http://archive.ubuntu.com/ubuntu/ trusty-updates/main libldap-2.4-2 amd64 2.4.31-1+nmu2ubuntu8.3 [153 kB]
Get:14 http://archive.ubuntu.com/ubuntu/ trusty-updates/main libxml2 amd64 2.9.1+dfsg1-3ubuntu4.8 [573 kB]
Get:15 http://archive.ubuntu.com/ubuntu/ trusty/main sgml-base all 1.26+nmu4ubuntu1 [12.5 kB]
Get:16 http://archive.ubuntu.com/ubuntu/ trusty/main libapr1 amd64 1.5.0-1 [85.1 kB]
Get:17 http://archive.ubuntu.com/ubuntu/ trusty/main libaprutil1 amd64 1.5.3-1 [76.4 kB]
Get:18 http://archive.ubuntu.com/ubuntu/ trusty-updates/main mysql-common all 5.5.54-0ubuntu0.14.04.1 [13.0 kB]
Get:19 http://archive.ubuntu.com/ubuntu/ trusty-updates/main libmysqlclient18 amd64 5.5.54-0ubuntu0.14.04.1 [597 kB]
Get:20 http://archive.ubuntu.com/ubuntu/ trusty/main psmisc amd64 22.20-1ubuntu2 [53.2 kB]
Get:21 http://archive.ubuntu.com/ubuntu/ trusty/main lsof amd64 4.86+dfsg-1ubuntu2 [257 kB]
Get:22 http://archive.ubuntu.com/ubuntu/ trusty/main php5-json amd64 1.3.2-2build1 [34.4 kB]
Get:23 http://archive.ubuntu.com/ubuntu/ trusty-updates/main php5-common amd64 5.5.9+dfsg-1ubuntu4.20 [447 kB]
Get:24 http://archive.ubuntu.com/ubuntu/ trusty-updates/main php5-mysql amd64 5.5.9+dfsg-1ubuntu4.20 [62.9 kB]
Get:25 http://archive.ubuntu.com/ubuntu/ trusty-updates/main php5-cli amd64 5.5.9+dfsg-1ubuntu4.20 [2164 kB]
Get:26 http://archive.ubuntu.com/ubuntu/ trusty-updates/main php5-readline amd64 5.5.9+dfsg-1ubuntu4.20 [12.1 kB]
Get:27 http://archive.ubuntu.com/ubuntu/ trusty/main libsasl2-modules amd64 2.1.25.dfsg1-17build1 [64.3 kB]
Get:28 http://archive.ubuntu.com/ubuntu/ trusty-updates/main openssl amd64 1.0.1f-1ubuntu2.21 [489 kB]
Get:29 http://archive.ubuntu.com/ubuntu/ trusty/main xml-core all 0.13+nmu2 [23.3 kB]
Get:30 http://archive.ubuntu.com/ubuntu/ trusty/main libaprutil1-dbd-sqlite3 amd64 1.5.3-1 [10.5 kB]
Get:31 http://archive.ubuntu.com/ubuntu/ trusty/main libaprutil1-ldap amd64 1.5.3-1 [8634 B]
Get:32 http://archive.ubuntu.com/ubuntu/ trusty-updates/main apache2-bin amd64 2.4.7-1ubuntu4.13 [839 kB]
Get:33 http://archive.ubuntu.com/ubuntu/ trusty-updates/main apache2-data all 2.4.7-1ubuntu4.13 [160 kB]
Get:34 http://archive.ubuntu.com/ubuntu/ trusty-updates/main apache2 amd64 2.4.7-1ubuntu4.13 [87.4 kB]
Get:35 http://archive.ubuntu.com/ubuntu/ trusty/main libapache2-mod-auth-mysql amd64 4.3.9-13.1ubuntu3 [20.9 kB]
Get:36 http://archive.ubuntu.com/ubuntu/ trusty-updates/main libapache2-mod-php5 amd64 5.5.9+dfsg-1ubuntu4.20 [2210 kB]
Get:37 http://archive.ubuntu.com/ubuntu/ trusty/universe libmcrypt4 amd64 2.5.8-3.1ubuntu1 [61.9 kB]
Get:38 http://archive.ubuntu.com/ubuntu/ trusty-updates/main php5 all 5.5.9+dfsg-1ubuntu4.20 [1306 B]
Get:39 http://archive.ubuntu.com/ubuntu/ trusty/universe php5-mcrypt amd64 5.4.6-0ubuntu5 [15.4 kB]
Get:40 http://archive.ubuntu.com/ubuntu/ trusty/main ssl-cert all 1.0.33 [16.6 kB]
[91mdebconf: unable to initialize frontend: Dialog
debconf: (TERM is not set, so the dialog frontend is not usable.)
debconf: falling back to frontend: Readline
[0m[91mdebconf: unable to initialize frontend: Readline
debconf: (This frontend requires a controlling tty.)
debconf: falling back to frontend: Teletype
[0m[91mdpkg-preconfigure: unable to re-open stdin: 
[0mFetched 9474 kB in 1min 32s (103 kB/s)
Selecting previously unselected package libroken18-heimdal:amd64.
(Reading database ... 11569 files and directories currently installed.)
Preparing to unpack .../libroken18-heimdal_1.6~git20131207+dfsg-1ubuntu1.1_amd64.deb ...
Unpacking libroken18-heimdal:amd64 (1.6~git20131207+dfsg-1ubuntu1.1) ...
Selecting previously unselected package libasn1-8-heimdal:amd64.
Preparing to unpack .../libasn1-8-heimdal_1.6~git20131207+dfsg-1ubuntu1.1_amd64.deb ...
Unpacking libasn1-8-heimdal:amd64 (1.6~git20131207+dfsg-1ubuntu1.1) ...
Selecting previously unselected package libedit2:amd64.
Preparing to unpack .../libedit2_3.1-20130712-2_amd64.deb ...
Unpacking libedit2:amd64 (3.1-20130712-2) ...
Selecting previously unselected package libhcrypto4-heimdal:amd64.
Preparing to unpack .../libhcrypto4-heimdal_1.6~git20131207+dfsg-1ubuntu1.1_amd64.deb ...
Unpacking libhcrypto4-heimdal:amd64 (1.6~git20131207+dfsg-1ubuntu1.1) ...
Selecting previously unselected package libheimbase1-heimdal:amd64.
Preparing to unpack .../libheimbase1-heimdal_1.6~git20131207+dfsg-1ubuntu1.1_amd64.deb ...
Unpacking libheimbase1-heimdal:amd64 (1.6~git20131207+dfsg-1ubuntu1.1) ...
Selecting previously unselected package libwind0-heimdal:amd64.
Preparing to unpack .../libwind0-heimdal_1.6~git20131207+dfsg-1ubuntu1.1_amd64.deb ...
Unpacking libwind0-heimdal:amd64 (1.6~git20131207+dfsg-1ubuntu1.1) ...
Selecting previously unselected package libhx509-5-heimdal:amd64.
Preparing to unpack .../libhx509-5-heimdal_1.6~git20131207+dfsg-1ubuntu1.1_amd64.deb ...
Unpacking libhx509-5-heimdal:amd64 (1.6~git20131207+dfsg-1ubuntu1.1) ...
Selecting previously unselected package libkrb5-26-heimdal:amd64.
Preparing to unpack .../libkrb5-26-heimdal_1.6~git20131207+dfsg-1ubuntu1.1_amd64.deb ...
Unpacking libkrb5-26-heimdal:amd64 (1.6~git20131207+dfsg-1ubuntu1.1) ...
Selecting previously unselected package libheimntlm0-heimdal:amd64.
Preparing to unpack .../libheimntlm0-heimdal_1.6~git20131207+dfsg-1ubuntu1.1_amd64.deb ...
Unpacking libheimntlm0-heimdal:amd64 (1.6~git20131207+dfsg-1ubuntu1.1) ...
Selecting previously unselected package libgssapi3-heimdal:amd64.
Preparing to unpack .../libgssapi3-heimdal_1.6~git20131207+dfsg-1ubuntu1.1_amd64.deb ...
Unpacking libgssapi3-heimdal:amd64 (1.6~git20131207+dfsg-1ubuntu1.1) ...
Selecting previously unselected package libsasl2-modules-db:amd64.
Preparing to unpack .../libsasl2-modules-db_2.1.25.dfsg1-17build1_amd64.deb ...
Unpacking libsasl2-modules-db:amd64 (2.1.25.dfsg1-17build1) ...
Selecting previously unselected package libsasl2-2:amd64.
Preparing to unpack .../libsasl2-2_2.1.25.dfsg1-17build1_amd64.deb ...
Unpacking libsasl2-2:amd64 (2.1.25.dfsg1-17build1) ...
Selecting previously unselected package libldap-2.4-2:amd64.
Preparing to unpack .../libldap-2.4-2_2.4.31-1+nmu2ubuntu8.3_amd64.deb ...
Unpacking libldap-2.4-2:amd64 (2.4.31-1+nmu2ubuntu8.3) ...
Selecting previously unselected package libxml2:amd64.
Preparing to unpack .../libxml2_2.9.1+dfsg1-3ubuntu4.8_amd64.deb ...
Unpacking libxml2:amd64 (2.9.1+dfsg1-3ubuntu4.8) ...
Selecting previously unselected package sgml-base.
Preparing to unpack .../sgml-base_1.26+nmu4ubuntu1_all.deb ...
Unpacking sgml-base (1.26+nmu4ubuntu1) ...
Selecting previously unselected package libapr1:amd64.
Preparing to unpack .../libapr1_1.5.0-1_amd64.deb ...
Unpacking libapr1:amd64 (1.5.0-1) ...
Selecting previously unselected package libaprutil1:amd64.
Preparing to unpack .../libaprutil1_1.5.3-1_amd64.deb ...
Unpacking libaprutil1:amd64 (1.5.3-1) ...
Selecting previously unselected package mysql-common.
Preparing to unpack .../mysql-common_5.5.54-0ubuntu0.14.04.1_all.deb ...
Unpacking mysql-common (5.5.54-0ubuntu0.14.04.1) ...
Selecting previously unselected package libmysqlclient18:amd64.
Preparing to unpack .../libmysqlclient18_5.5.54-0ubuntu0.14.04.1_amd64.deb ...
Unpacking libmysqlclient18:amd64 (5.5.54-0ubuntu0.14.04.1) ...
Selecting previously unselected package psmisc.
Preparing to unpack .../psmisc_22.20-1ubuntu2_amd64.deb ...
Unpacking psmisc (22.20-1ubuntu2) ...
Selecting previously unselected package lsof.
Preparing to unpack .../lsof_4.86+dfsg-1ubuntu2_amd64.deb ...
Unpacking lsof (4.86+dfsg-1ubuntu2) ...
Selecting previously unselected package php5-json.
Preparing to unpack .../php5-json_1.3.2-2build1_amd64.deb ...
Unpacking php5-json (1.3.2-2build1) ...
Selecting previously unselected package php5-common.
Preparing to unpack .../php5-common_5.5.9+dfsg-1ubuntu4.20_amd64.deb ...
Unpacking php5-common (5.5.9+dfsg-1ubuntu4.20) ...
Selecting previously unselected package php5-mysql.
Preparing to unpack .../php5-mysql_5.5.9+dfsg-1ubuntu4.20_amd64.deb ...
Unpacking php5-mysql (5.5.9+dfsg-1ubuntu4.20) ...
Selecting previously unselected package php5-cli.
Preparing to unpack .../php5-cli_5.5.9+dfsg-1ubuntu4.20_amd64.deb ...
Unpacking php5-cli (5.5.9+dfsg-1ubuntu4.20) ...
Selecting previously unselected package php5-readline.
Preparing to unpack .../php5-readline_5.5.9+dfsg-1ubuntu4.20_amd64.deb ...
Unpacking php5-readline (5.5.9+dfsg-1ubuntu4.20) ...
Selecting previously unselected package libsasl2-modules:amd64.
Preparing to unpack .../libsasl2-modules_2.1.25.dfsg1-17build1_amd64.deb ...
Unpacking libsasl2-modules:amd64 (2.1.25.dfsg1-17build1) ...
Selecting previously unselected package openssl.
Preparing to unpack .../openssl_1.0.1f-1ubuntu2.21_amd64.deb ...
Unpacking openssl (1.0.1f-1ubuntu2.21) ...
Selecting previously unselected package xml-core.
Preparing to unpack .../xml-core_0.13+nmu2_all.deb ...
Unpacking xml-core (0.13+nmu2) ...
Selecting previously unselected package libaprutil1-dbd-sqlite3:amd64.
Preparing to unpack .../libaprutil1-dbd-sqlite3_1.5.3-1_amd64.deb ...
Unpacking libaprutil1-dbd-sqlite3:amd64 (1.5.3-1) ...
Selecting previously unselected package libaprutil1-ldap:amd64.
Preparing to unpack .../libaprutil1-ldap_1.5.3-1_amd64.deb ...
Unpacking libaprutil1-ldap:amd64 (1.5.3-1) ...
Selecting previously unselected package apache2-bin.
Preparing to unpack .../apache2-bin_2.4.7-1ubuntu4.13_amd64.deb ...
Unpacking apache2-bin (2.4.7-1ubuntu4.13) ...
Selecting previously unselected package apache2-data.
Preparing to unpack .../apache2-data_2.4.7-1ubuntu4.13_all.deb ...
Unpacking apache2-data (2.4.7-1ubuntu4.13) ...
Selecting previously unselected package apache2.
Preparing to unpack .../apache2_2.4.7-1ubuntu4.13_amd64.deb ...
Unpacking apache2 (2.4.7-1ubuntu4.13) ...
Selecting previously unselected package libapache2-mod-auth-mysql.
Preparing to unpack .../libapache2-mod-auth-mysql_4.3.9-13.1ubuntu3_amd64.deb ...
Unpacking libapache2-mod-auth-mysql (4.3.9-13.1ubuntu3) ...
Selecting previously unselected package libapache2-mod-php5.
Preparing to unpack .../libapache2-mod-php5_5.5.9+dfsg-1ubuntu4.20_amd64.deb ...
Unpacking libapache2-mod-php5 (5.5.9+dfsg-1ubuntu4.20) ...
Selecting previously unselected package libmcrypt4.
Preparing to unpack .../libmcrypt4_2.5.8-3.1ubuntu1_amd64.deb ...
Unpacking libmcrypt4 (2.5.8-3.1ubuntu1) ...
Selecting previously unselected package php5.
Preparing to unpack .../php5_5.5.9+dfsg-1ubuntu4.20_all.deb ...
Unpacking php5 (5.5.9+dfsg-1ubuntu4.20) ...
Selecting previously unselected package php5-mcrypt.
Preparing to unpack .../php5-mcrypt_5.4.6-0ubuntu5_amd64.deb ...
Unpacking php5-mcrypt (5.4.6-0ubuntu5) ...
Selecting previously unselected package ssl-cert.
Preparing to unpack .../ssl-cert_1.0.33_all.deb ...
Unpacking ssl-cert (1.0.33) ...
Processing triggers for ureadahead (0.100.0-16) ...
Setting up libroken18-heimdal:amd64 (1.6~git20131207+dfsg-1ubuntu1.1) ...
Setting up libasn1-8-heimdal:amd64 (1.6~git20131207+dfsg-1ubuntu1.1) ...
Setting up libedit2:amd64 (3.1-20130712-2) ...
Setting up libhcrypto4-heimdal:amd64 (1.6~git20131207+dfsg-1ubuntu1.1) ...
Setting up libheimbase1-heimdal:amd64 (1.6~git20131207+dfsg-1ubuntu1.1) ...
Setting up libwind0-heimdal:amd64 (1.6~git20131207+dfsg-1ubuntu1.1) ...
Setting up libhx509-5-heimdal:amd64 (1.6~git20131207+dfsg-1ubuntu1.1) ...
Setting up libkrb5-26-heimdal:amd64 (1.6~git20131207+dfsg-1ubuntu1.1) ...
Setting up libheimntlm0-heimdal:amd64 (1.6~git20131207+dfsg-1ubuntu1.1) ...
Setting up libgssapi3-heimdal:amd64 (1.6~git20131207+dfsg-1ubuntu1.1) ...
Setting up libsasl2-modules-db:amd64 (2.1.25.dfsg1-17build1) ...
Setting up libsasl2-2:amd64 (2.1.25.dfsg1-17build1) ...
Setting up libldap-2.4-2:amd64 (2.4.31-1+nmu2ubuntu8.3) ...
Setting up libxml2:amd64 (2.9.1+dfsg1-3ubuntu4.8) ...
Setting up sgml-base (1.26+nmu4ubuntu1) ...
Setting up libapr1:amd64 (1.5.0-1) ...
Setting up libaprutil1:amd64 (1.5.3-1) ...
Setting up mysql-common (5.5.54-0ubuntu0.14.04.1) ...
Setting up libmysqlclient18:amd64 (5.5.54-0ubuntu0.14.04.1) ...
Setting up psmisc (22.20-1ubuntu2) ...
Setting up lsof (4.86+dfsg-1ubuntu2) ...
Setting up libsasl2-modules:amd64 (2.1.25.dfsg1-17build1) ...
Setting up openssl (1.0.1f-1ubuntu2.21) ...
Setting up xml-core (0.13+nmu2) ...
Setting up libaprutil1-dbd-sqlite3:amd64 (1.5.3-1) ...
Setting up libaprutil1-ldap:amd64 (1.5.3-1) ...
Setting up apache2-bin (2.4.7-1ubuntu4.13) ...
Setting up apache2-data (2.4.7-1ubuntu4.13) ...
Setting up apache2 (2.4.7-1ubuntu4.13) ...
Enabling module mpm_event.
Enabling module authz_core.
Enabling module authz_host.
Enabling module authn_core.
Enabling module auth_basic.
Enabling module access_compat.
Enabling module authn_file.
Enabling module authz_user.
Enabling module alias.
Enabling module dir.
Enabling module autoindex.
Enabling module env.
Enabling module mime.
Enabling module negotiation.
Enabling module setenvif.
Enabling module filter.
Enabling module deflate.
Enabling module status.
Enabling conf charset.
Enabling conf localized-error-pages.
Enabling conf other-vhosts-access-log.
Enabling conf security.
Enabling conf serve-cgi-bin.
Enabling site 000-default.
[91minvoke-rc.d: policy-rc.d denied execution of start.
[0mSetting up libapache2-mod-auth-mysql (4.3.9-13.1ubuntu3) ...
Setting up libmcrypt4 (2.5.8-3.1ubuntu1) ...
Setting up ssl-cert (1.0.33) ...
[91mdebconf: unable to initialize frontend: Dialog
debconf: (TERM is not set, so the dialog frontend is not usable.)
debconf: falling back to frontend: Readline
[0m[91mdebconf: unable to initialize frontend: Readline
debconf: (This frontend requires a controlling tty.)
[0m[91mdebconf: falling back to frontend: Teletype
[0mSetting up php5-common (5.5.9+dfsg-1ubuntu4.20) ...
[91mdebconf: unable to initialize frontend: Dialog
debconf: (TERM is not set, so the dialog frontend is not usable.)
debconf: falling back to frontend: Readline
[0m[91mdebconf: unable to initialize frontend: Readline
debconf: (This frontend requires a controlling tty.)
debconf: falling back to frontend: Teletype
[0m[91m
Creating config file /etc/php5/mods-available/pdo.ini with new version
[0m[91mphp5_invoke: Enable module pdo for apache2 SAPI
[0m[91mphp5_invoke: Enable module pdo for cli SAPI
[0m[91mdebconf: unable to initialize frontend: Dialog
[0m[91mdebconf: (TERM is not set, so the dialog frontend is not usable.)
[0m[91mdebconf: falling back to frontend: Readline
[0m[91mdebconf: unable to initialize frontend: Readline
[0m[91mdebconf: (This frontend requires a controlling tty.)
[0m[91mdebconf: falling back to frontend: Teletype
[0m[91m
Creating config file /etc/php5/mods-available/opcache.ini with new version
[0m[91mphp5_invoke: Enable module opcache for apache2 SAPI
[0m[91mphp5_invoke: Enable module opcache for cli SAPI
[0mSetting up php5-mysql (5.5.9+dfsg-1ubuntu4.20) ...
[91mdebconf: unable to initialize frontend: Dialog
[0m[91mdebconf: (TERM is not set, so the dialog frontend is not usable.)
[0m[91mdebconf: falling back to frontend: Readline
[0m[91mdebconf: unable to initialize frontend: Readline
[0m[91mdebconf: (This frontend requires a controlling tty.)
[0m[91mdebconf: falling back to frontend: Teletype
[0m[91m
Creating config file /etc/php5/mods-available/mysql.ini with new version
[0m[91mphp5_invoke: Enable module mysql for apache2 SAPI
[0m[91mphp5_invoke: Enable module mysql for cli SAPI
[0m[91mdebconf: unable to initialize frontend: Dialog
debconf: (TERM is not set, so the dialog frontend is not usable.)
debconf: falling back to frontend: Readline
[0m[91mdebconf: unable to initialize frontend: Readline
debconf: (This frontend requires a controlling tty.)
debconf: falling back to frontend: Teletype
[0m[91m
[0m[91mCreating config file /etc/php5/mods-available/mysqli.ini with new version
[0m[91mphp5_invoke: Enable module mysqli for apache2 SAPI
[0m[91mphp5_invoke: Enable module mysqli for cli SAPI
[0m[91mdebconf: unable to initialize frontend: Dialog
debconf: (TERM is not set, so the dialog frontend is not usable.)
debconf: falling back to frontend: Readline
[0m[91mdebconf: unable to initialize frontend: Readline
debconf: (This frontend requires a controlling tty.)
debconf: falling back to frontend: Teletype
[0m[91m
Creating config file /etc/php5/mods-available/pdo_mysql.ini with new version
[0m[91mphp5_invoke: Enable module pdo_mysql for apache2 SAPI
[0m[91mphp5_invoke: Enable module pdo_mysql for cli SAPI
[0mSetting up php5-cli (5.5.9+dfsg-1ubuntu4.20) ...
update-alternatives: using /usr/bin/php5 to provide /usr/bin/php (php) in auto mode
[91mdebconf: unable to initialize frontend: Dialog
[0m[91mdebconf: (TERM is not set, so the dialog frontend is not usable.)
[0m[91mdebconf: falling back to frontend: Readline
[0m[91mdebconf: unable to initialize frontend: Readline
[0m[91mdebconf: (This frontend requires a controlling tty.)
[0m[91mdebconf: falling back to frontend: Teletype
[0m[91m
Creating config file /etc/php5/cli/php.ini with new version
[0m[91mphp5_invoke pdo: already enabled for cli SAPI
[0m[91mphp5_invoke opcache: already enabled for cli SAPI
[0m[91mphp5_invoke pdo_mysql: already enabled for cli SAPI
[0m[91mphp5_invoke mysqli: already enabled for cli SAPI
[0m[91mphp5_invoke mysql: already enabled for cli SAPI
[0mSetting up php5-readline (5.5.9+dfsg-1ubuntu4.20) ...
[91mdebconf: unable to initialize frontend: Dialog
[0m[91mdebconf: (TERM is not set, so the dialog frontend is not usable.)
[0m[91mdebconf: falling back to frontend: Readline
[0m[91mdebconf: unable to initialize frontend: Readline
[0m[91mdebconf: (This frontend requires a controlling tty.)
debconf: falling back to frontend: Teletype
[0m[91m
[0m[91mCreating config file /etc/php5/mods-available/readline.ini with new version
[0m[91mphp5_invoke: Enable module readline for apache2 SAPI
[0m[91mphp5_invoke: Enable module readline for cli SAPI
[0mSetting up php5-mcrypt (5.4.6-0ubuntu5) ...
Setting up php5-json (1.3.2-2build1) ...
[91mphp5_invoke: Enable module json for apache2 SAPI
[0m[91mphp5_invoke: Enable module json for cli SAPI
[0mProcessing triggers for ureadahead (0.100.0-16) ...
Setting up libapache2-mod-php5 (5.5.9+dfsg-1ubuntu4.20) ...
[91mdebconf: unable to initialize frontend: Dialog
debconf: (TERM is not set, so the dialog frontend is not usable.)
debconf: falling back to frontend: Readline
[0m[91mdebconf: unable to initialize frontend: Readline
debconf: (This frontend requires a controlling tty.)
debconf: falling back to frontend: Teletype
[0m[91m
[0m[91mCreating config file /etc/php5/apache2/php.ini with new version
[0m[91mphp5_invoke readline: already enabled for apache2 SAPI
[0m[91mphp5_invoke pdo: already enabled for apache2 SAPI
[0m[91mphp5_invoke json: already enabled for apache2 SAPI
[0m[91mphp5_invoke opcache: already enabled for apache2 SAPI
[0m[91mphp5_invoke pdo_mysql: already enabled for apache2 SAPI
[0m[91mphp5_invoke mysqli: already enabled for apache2 SAPI
[0m[91mphp5_invoke mysql: already enabled for apache2 SAPI
[0mModule mpm_event disabled.
Enabling module mpm_prefork.
[91mapache2_switch_mpm Switch to prefork
[0m[91minvoke-rc.d: policy-rc.d denied execution of restart.
[0m[91mapache2_invoke: Enable module php5
[0m[91minvoke-rc.d: policy-rc.d denied execution of restart.
[0mSetting up php5 (5.5.9+dfsg-1ubuntu4.20) ...
Processing triggers for libc-bin (2.19-0ubuntu6.9) ...
Processing triggers for sgml-base (1.26+nmu4ubuntu1) ...
 ---> 9df10931b874
Removing intermediate container 08905aa56614
Step 4/7 : VOLUME /var/www/html /etc/apache2 /var/log/apache2
 ---> Running in 5e5707a6236f
 ---> 693f6cdbf2d2
Removing intermediate container 5e5707a6236f
Step 5/7 : EXPOSE 80 443
 ---> Running in 2ae5552d5764
 ---> 8cff0bdd71c6
Removing intermediate container 2ae5552d5764
Step 6/7 : WORKDIR /var/www/html
 ---> de42e8b5c008
Removing intermediate container 4b6c503095e2
Step 7/7 : ENTRYPOINT apache2ctl -D FOREGROUND
 ---> Running in a652eb466f89
 ---> 13cfbcce25e0
Removing intermediate container a652eb466f89
Successfully built 13cfbcce25e0
Sending build context to Docker daemon 28.16 kB
Step 1/7 : FROM ubuntu:14.04
 ---> b969ab9f929b
Step 2/7 : MAINTAINER Jason Odoom <jo75@njit.edu>
 ---> Using cache
 ---> 3590d074cf54
Step 3/7 : RUN apt-get -q update     && apt-get -qy --force-yes dist-upgrade     && apt-get install -qy apache2 libapache2-mod-auth-mysql php5-mysql     php5 libapache2-mod-php5 php5-mcrypt
 ---> Running in 0c72a0ad9073
Ign http://archive.ubuntu.com trusty InRelease
Get:1 http://archive.ubuntu.com trusty-updates InRelease [65.9 kB]
Get:2 http://archive.ubuntu.com trusty-security InRelease [65.9 kB]
Get:3 http://archive.ubuntu.com trusty Release.gpg [933 B]
Get:4 http://archive.ubuntu.com trusty-updates/main Sources [481 kB]
Get:5 http://archive.ubuntu.com trusty-updates/restricted Sources [5957 B]
Get:6 http://archive.ubuntu.com trusty-updates/universe Sources [216 kB]
Get:7 http://archive.ubuntu.com trusty-updates/main amd64 Packages [1172 kB]
Get:8 http://archive.ubuntu.com trusty-updates/restricted amd64 Packages [20.4 kB]
Get:9 http://archive.ubuntu.com trusty-updates/universe amd64 Packages [508 kB]
Get:10 http://archive.ubuntu.com trusty Release [58.5 kB]
Get:11 http://archive.ubuntu.com trusty-security/main Sources [157 kB]
Get:12 http://archive.ubuntu.com trusty-security/restricted Sources [4667 B]
Get:13 http://archive.ubuntu.com trusty-security/universe Sources [56.8 kB]
Get:14 http://archive.ubuntu.com trusty-security/main amd64 Packages [711 kB]
Get:15 http://archive.ubuntu.com trusty-security/restricted amd64 Packages [17.0 kB]
Get:16 http://archive.ubuntu.com trusty-security/universe amd64 Packages [194 kB]
Get:17 http://archive.ubuntu.com trusty/main Sources [1335 kB]
Get:18 http://archive.ubuntu.com trusty/restricted Sources [5335 B]
Get:19 http://archive.ubuntu.com trusty/universe Sources [7926 kB]
Get:20 http://archive.ubuntu.com trusty/main amd64 Packages [1743 kB]
Get:21 http://archive.ubuntu.com trusty/restricted amd64 Packages [16.0 kB]
Get:22 http://archive.ubuntu.com trusty/universe amd64 Packages [7589 kB]
Fetched 22.3 MB in 3min 9s (118 kB/s)
Reading package lists...
Reading package lists...
Building dependency tree...
Reading state information...
0 upgraded, 0 newly installed, 0 to remove and 0 not upgraded.
Reading package lists...
Building dependency tree...
Reading state information...
The following extra packages will be installed:
  apache2-bin apache2-data libapr1 libaprutil1 libaprutil1-dbd-sqlite3
  libaprutil1-ldap libasn1-8-heimdal libedit2 libgssapi3-heimdal
  libhcrypto4-heimdal libheimbase1-heimdal libheimntlm0-heimdal
  libhx509-5-heimdal libkrb5-26-heimdal libldap-2.4-2 libmcrypt4
  libmysqlclient18 libroken18-heimdal libsasl2-2 libsasl2-modules
  libsasl2-modules-db libwind0-heimdal libxml2 lsof mysql-common openssl
  php5-cli php5-common php5-json php5-readline psmisc sgml-base ssl-cert
  xml-core
Suggested packages:
  www-browser apache2-doc apache2-suexec-pristine apache2-suexec-custom ufw
  apache2-utils php-pear libmcrypt-dev mcrypt libsasl2-modules-otp
  libsasl2-modules-ldap libsasl2-modules-sql libsasl2-modules-gssapi-mit
  libsasl2-modules-gssapi-heimdal ca-certificates php5-user-cache
  sgml-base-doc openssl-blacklist debhelper
The following NEW packages will be installed:
  apache2 apache2-bin apache2-data libapache2-mod-auth-mysql
  libapache2-mod-php5 libapr1 libaprutil1 libaprutil1-dbd-sqlite3
  libaprutil1-ldap libasn1-8-heimdal libedit2 libgssapi3-heimdal
  libhcrypto4-heimdal libheimbase1-heimdal libheimntlm0-heimdal
  libhx509-5-heimdal libkrb5-26-heimdal libldap-2.4-2 libmcrypt4
  libmysqlclient18 libroken18-heimdal libsasl2-2 libsasl2-modules
  libsasl2-modules-db libwind0-heimdal libxml2 lsof mysql-common openssl php5
  php5-cli php5-common php5-json php5-mcrypt php5-mysql php5-readline psmisc
  sgml-base ssl-cert xml-core
0 upgraded, 40 newly installed, 0 to remove and 0 not upgraded.
Need to get 9474 kB of archives.
After this operation, 38.3 MB of additional disk space will be used.
Get:1 http://archive.ubuntu.com/ubuntu/ trusty-updates/main libroken18-heimdal amd64 1.6~git20131207+dfsg-1ubuntu1.1 [40.0 kB]
Get:2 http://archive.ubuntu.com/ubuntu/ trusty-updates/main libasn1-8-heimdal amd64 1.6~git20131207+dfsg-1ubuntu1.1 [161 kB]
Get:3 http://archive.ubuntu.com/ubuntu/ trusty/main libedit2 amd64 3.1-20130712-2 [86.7 kB]
Get:4 http://archive.ubuntu.com/ubuntu/ trusty-updates/main libhcrypto4-heimdal amd64 1.6~git20131207+dfsg-1ubuntu1.1 [83.9 kB]
Get:5 http://archive.ubuntu.com/ubuntu/ trusty-updates/main libheimbase1-heimdal amd64 1.6~git20131207+dfsg-1ubuntu1.1 [28.9 kB]
Get:6 http://archive.ubuntu.com/ubuntu/ trusty-updates/main libwind0-heimdal amd64 1.6~git20131207+dfsg-1ubuntu1.1 [47.8 kB]
Get:7 http://archive.ubuntu.com/ubuntu/ trusty-updates/main libhx509-5-heimdal amd64 1.6~git20131207+dfsg-1ubuntu1.1 [104 kB]
Get:8 http://archive.ubuntu.com/ubuntu/ trusty-updates/main libkrb5-26-heimdal amd64 1.6~git20131207+dfsg-1ubuntu1.1 [196 kB]
Get:9 http://archive.ubuntu.com/ubuntu/ trusty-updates/main libheimntlm0-heimdal amd64 1.6~git20131207+dfsg-1ubuntu1.1 [15.2 kB]
Get:10 http://archive.ubuntu.com/ubuntu/ trusty-updates/main libgssapi3-heimdal amd64 1.6~git20131207+dfsg-1ubuntu1.1 [89.8 kB]
Get:11 http://archive.ubuntu.com/ubuntu/ trusty/main libsasl2-modules-db amd64 2.1.25.dfsg1-17build1 [14.9 kB]
Get:12 http://archive.ubuntu.com/ubuntu/ trusty/main libsasl2-2 amd64 2.1.25.dfsg1-17build1 [56.5 kB]
Get:13 http://archive.ubuntu.com/ubuntu/ trusty-updates/main libldap-2.4-2 amd64 2.4.31-1+nmu2ubuntu8.3 [153 kB]
Get:14 http://archive.ubuntu.com/ubuntu/ trusty-updates/main libxml2 amd64 2.9.1+dfsg1-3ubuntu4.8 [573 kB]
Get:15 http://archive.ubuntu.com/ubuntu/ trusty/main sgml-base all 1.26+nmu4ubuntu1 [12.5 kB]
Get:16 http://archive.ubuntu.com/ubuntu/ trusty/main libapr1 amd64 1.5.0-1 [85.1 kB]
Get:17 http://archive.ubuntu.com/ubuntu/ trusty/main libaprutil1 amd64 1.5.3-1 [76.4 kB]
Get:18 http://archive.ubuntu.com/ubuntu/ trusty-updates/main mysql-common all 5.5.54-0ubuntu0.14.04.1 [13.0 kB]
Get:19 http://archive.ubuntu.com/ubuntu/ trusty-updates/main libmysqlclient18 amd64 5.5.54-0ubuntu0.14.04.1 [597 kB]
Get:20 http://archive.ubuntu.com/ubuntu/ trusty/main psmisc amd64 22.20-1ubuntu2 [53.2 kB]
Get:21 http://archive.ubuntu.com/ubuntu/ trusty/main lsof amd64 4.86+dfsg-1ubuntu2 [257 kB]
Get:22 http://archive.ubuntu.com/ubuntu/ trusty/main php5-json amd64 1.3.2-2build1 [34.4 kB]
Get:23 http://archive.ubuntu.com/ubuntu/ trusty-updates/main php5-common amd64 5.5.9+dfsg-1ubuntu4.20 [447 kB]
Get:24 http://archive.ubuntu.com/ubuntu/ trusty-updates/main php5-mysql amd64 5.5.9+dfsg-1ubuntu4.20 [62.9 kB]
Get:25 http://archive.ubuntu.com/ubuntu/ trusty-updates/main php5-cli amd64 5.5.9+dfsg-1ubuntu4.20 [2164 kB]
Get:26 http://archive.ubuntu.com/ubuntu/ trusty-updates/main php5-readline amd64 5.5.9+dfsg-1ubuntu4.20 [12.1 kB]
Get:27 http://archive.ubuntu.com/ubuntu/ trusty/main libsasl2-modules amd64 2.1.25.dfsg1-17build1 [64.3 kB]
Get:28 http://archive.ubuntu.com/ubuntu/ trusty-updates/main openssl amd64 1.0.1f-1ubuntu2.21 [489 kB]
Get:29 http://archive.ubuntu.com/ubuntu/ trusty/main xml-core all 0.13+nmu2 [23.3 kB]
Get:30 http://archive.ubuntu.com/ubuntu/ trusty/main libaprutil1-dbd-sqlite3 amd64 1.5.3-1 [10.5 kB]
Get:31 http://archive.ubuntu.com/ubuntu/ trusty/main libaprutil1-ldap amd64 1.5.3-1 [8634 B]
Get:32 http://archive.ubuntu.com/ubuntu/ trusty-updates/main apache2-bin amd64 2.4.7-1ubuntu4.13 [839 kB]
Get:33 http://archive.ubuntu.com/ubuntu/ trusty-updates/main apache2-data all 2.4.7-1ubuntu4.13 [160 kB]
Get:34 http://archive.ubuntu.com/ubuntu/ trusty-updates/main apache2 amd64 2.4.7-1ubuntu4.13 [87.4 kB]
Get:35 http://archive.ubuntu.com/ubuntu/ trusty/main libapache2-mod-auth-mysql amd64 4.3.9-13.1ubuntu3 [20.9 kB]
Get:36 http://archive.ubuntu.com/ubuntu/ trusty-updates/main libapache2-mod-php5 amd64 5.5.9+dfsg-1ubuntu4.20 [2210 kB]
Get:37 http://archive.ubuntu.com/ubuntu/ trusty/universe libmcrypt4 amd64 2.5.8-3.1ubuntu1 [61.9 kB]
Get:38 http://archive.ubuntu.com/ubuntu/ trusty-updates/main php5 all 5.5.9+dfsg-1ubuntu4.20 [1306 B]
Get:39 http://archive.ubuntu.com/ubuntu/ trusty/universe php5-mcrypt amd64 5.4.6-0ubuntu5 [15.4 kB]
Get:40 http://archive.ubuntu.com/ubuntu/ trusty/main ssl-cert all 1.0.33 [16.6 kB]
[91mdebconf: unable to initialize frontend: Dialog
debconf: (TERM is not set, so the dialog frontend is not usable.)
debconf: falling back to frontend: Readline
[0m[91mdebconf: unable to initialize frontend: Readline
debconf: (This frontend requires a controlling tty.)
debconf: falling back to frontend: Teletype
[0m[91mdpkg-preconfigure: unable to re-open stdin: 
[0mFetched 9474 kB in 1min 33s (101 kB/s)
Selecting previously unselected package libroken18-heimdal:amd64.
(Reading database ... 11569 files and directories currently installed.)
Preparing to unpack .../libroken18-heimdal_1.6~git20131207+dfsg-1ubuntu1.1_amd64.deb ...
Unpacking libroken18-heimdal:amd64 (1.6~git20131207+dfsg-1ubuntu1.1) ...
Selecting previously unselected package libasn1-8-heimdal:amd64.
Preparing to unpack .../libasn1-8-heimdal_1.6~git20131207+dfsg-1ubuntu1.1_amd64.deb ...
Unpacking libasn1-8-heimdal:amd64 (1.6~git20131207+dfsg-1ubuntu1.1) ...
Selecting previously unselected package libedit2:amd64.
Preparing to unpack .../libedit2_3.1-20130712-2_amd64.deb ...
Unpacking libedit2:amd64 (3.1-20130712-2) ...
Selecting previously unselected package libhcrypto4-heimdal:amd64.
Preparing to unpack .../libhcrypto4-heimdal_1.6~git20131207+dfsg-1ubuntu1.1_amd64.deb ...
Unpacking libhcrypto4-heimdal:amd64 (1.6~git20131207+dfsg-1ubuntu1.1) ...
Selecting previously unselected package libheimbase1-heimdal:amd64.
Preparing to unpack .../libheimbase1-heimdal_1.6~git20131207+dfsg-1ubuntu1.1_amd64.deb ...
Unpacking libheimbase1-heimdal:amd64 (1.6~git20131207+dfsg-1ubuntu1.1) ...
Selecting previously unselected package libwind0-heimdal:amd64.
Preparing to unpack .../libwind0-heimdal_1.6~git20131207+dfsg-1ubuntu1.1_amd64.deb ...
Unpacking libwind0-heimdal:amd64 (1.6~git20131207+dfsg-1ubuntu1.1) ...
Selecting previously unselected package libhx509-5-heimdal:amd64.
Preparing to unpack .../libhx509-5-heimdal_1.6~git20131207+dfsg-1ubuntu1.1_amd64.deb ...
Unpacking libhx509-5-heimdal:amd64 (1.6~git20131207+dfsg-1ubuntu1.1) ...
Selecting previously unselected package libkrb5-26-heimdal:amd64.
Preparing to unpack .../libkrb5-26-heimdal_1.6~git20131207+dfsg-1ubuntu1.1_amd64.deb ...
Unpacking libkrb5-26-heimdal:amd64 (1.6~git20131207+dfsg-1ubuntu1.1) ...
Selecting previously unselected package libheimntlm0-heimdal:amd64.
Preparing to unpack .../libheimntlm0-heimdal_1.6~git20131207+dfsg-1ubuntu1.1_amd64.deb ...
Unpacking libheimntlm0-heimdal:amd64 (1.6~git20131207+dfsg-1ubuntu1.1) ...
Selecting previously unselected package libgssapi3-heimdal:amd64.
Preparing to unpack .../libgssapi3-heimdal_1.6~git20131207+dfsg-1ubuntu1.1_amd64.deb ...
Unpacking libgssapi3-heimdal:amd64 (1.6~git20131207+dfsg-1ubuntu1.1) ...
Selecting previously unselected package libsasl2-modules-db:amd64.
Preparing to unpack .../libsasl2-modules-db_2.1.25.dfsg1-17build1_amd64.deb ...
Unpacking libsasl2-modules-db:amd64 (2.1.25.dfsg1-17build1) ...
Selecting previously unselected package libsasl2-2:amd64.
Preparing to unpack .../libsasl2-2_2.1.25.dfsg1-17build1_amd64.deb ...
Unpacking libsasl2-2:amd64 (2.1.25.dfsg1-17build1) ...
Selecting previously unselected package libldap-2.4-2:amd64.
Preparing to unpack .../libldap-2.4-2_2.4.31-1+nmu2ubuntu8.3_amd64.deb ...
Unpacking libldap-2.4-2:amd64 (2.4.31-1+nmu2ubuntu8.3) ...
Selecting previously unselected package libxml2:amd64.
Preparing to unpack .../libxml2_2.9.1+dfsg1-3ubuntu4.8_amd64.deb ...
Unpacking libxml2:amd64 (2.9.1+dfsg1-3ubuntu4.8) ...
Selecting previously unselected package sgml-base.
Preparing to unpack .../sgml-base_1.26+nmu4ubuntu1_all.deb ...
Unpacking sgml-base (1.26+nmu4ubuntu1) ...
Selecting previously unselected package libapr1:amd64.
Preparing to unpack .../libapr1_1.5.0-1_amd64.deb ...
Unpacking libapr1:amd64 (1.5.0-1) ...
Selecting previously unselected package libaprutil1:amd64.
Preparing to unpack .../libaprutil1_1.5.3-1_amd64.deb ...
Unpacking libaprutil1:amd64 (1.5.3-1) ...
Selecting previously unselected package mysql-common.
Preparing to unpack .../mysql-common_5.5.54-0ubuntu0.14.04.1_all.deb ...
Unpacking mysql-common (5.5.54-0ubuntu0.14.04.1) ...
Selecting previously unselected package libmysqlclient18:amd64.
Preparing to unpack .../libmysqlclient18_5.5.54-0ubuntu0.14.04.1_amd64.deb ...
Unpacking libmysqlclient18:amd64 (5.5.54-0ubuntu0.14.04.1) ...
Selecting previously unselected package psmisc.
Preparing to unpack .../psmisc_22.20-1ubuntu2_amd64.deb ...
Unpacking psmisc (22.20-1ubuntu2) ...
Selecting previously unselected package lsof.
Preparing to unpack .../lsof_4.86+dfsg-1ubuntu2_amd64.deb ...
Unpacking lsof (4.86+dfsg-1ubuntu2) ...
Selecting previously unselected package php5-json.
Preparing to unpack .../php5-json_1.3.2-2build1_amd64.deb ...
Unpacking php5-json (1.3.2-2build1) ...
Selecting previously unselected package php5-common.
Preparing to unpack .../php5-common_5.5.9+dfsg-1ubuntu4.20_amd64.deb ...
Unpacking php5-common (5.5.9+dfsg-1ubuntu4.20) ...
Selecting previously unselected package php5-mysql.
Preparing to unpack .../php5-mysql_5.5.9+dfsg-1ubuntu4.20_amd64.deb ...
Unpacking php5-mysql (5.5.9+dfsg-1ubuntu4.20) ...
Selecting previously unselected package php5-cli.
Preparing to unpack .../php5-cli_5.5.9+dfsg-1ubuntu4.20_amd64.deb ...
Unpacking php5-cli (5.5.9+dfsg-1ubuntu4.20) ...
Selecting previously unselected package php5-readline.
Preparing to unpack .../php5-readline_5.5.9+dfsg-1ubuntu4.20_amd64.deb ...
Unpacking php5-readline (5.5.9+dfsg-1ubuntu4.20) ...
Selecting previously unselected package libsasl2-modules:amd64.
Preparing to unpack .../libsasl2-modules_2.1.25.dfsg1-17build1_amd64.deb ...
Unpacking libsasl2-modules:amd64 (2.1.25.dfsg1-17build1) ...
Selecting previously unselected package openssl.
Preparing to unpack .../openssl_1.0.1f-1ubuntu2.21_amd64.deb ...
Unpacking openssl (1.0.1f-1ubuntu2.21) ...
Selecting previously unselected package xml-core.
Preparing to unpack .../xml-core_0.13+nmu2_all.deb ...
Unpacking xml-core (0.13+nmu2) ...
Selecting previously unselected package libaprutil1-dbd-sqlite3:amd64.
Preparing to unpack .../libaprutil1-dbd-sqlite3_1.5.3-1_amd64.deb ...
Unpacking libaprutil1-dbd-sqlite3:amd64 (1.5.3-1) ...
Selecting previously unselected package libaprutil1-ldap:amd64.
Preparing to unpack .../libaprutil1-ldap_1.5.3-1_amd64.deb ...
Unpacking libaprutil1-ldap:amd64 (1.5.3-1) ...
Selecting previously unselected package apache2-bin.
Preparing to unpack .../apache2-bin_2.4.7-1ubuntu4.13_amd64.deb ...
Unpacking apache2-bin (2.4.7-1ubuntu4.13) ...
Selecting previously unselected package apache2-data.
Preparing to unpack .../apache2-data_2.4.7-1ubuntu4.13_all.deb ...
Unpacking apache2-data (2.4.7-1ubuntu4.13) ...
Selecting previously unselected package apache2.
Preparing to unpack .../apache2_2.4.7-1ubuntu4.13_amd64.deb ...
Unpacking apache2 (2.4.7-1ubuntu4.13) ...
Selecting previously unselected package libapache2-mod-auth-mysql.
Preparing to unpack .../libapache2-mod-auth-mysql_4.3.9-13.1ubuntu3_amd64.deb ...
Unpacking libapache2-mod-auth-mysql (4.3.9-13.1ubuntu3) ...
Selecting previously unselected package libapache2-mod-php5.
Preparing to unpack .../libapache2-mod-php5_5.5.9+dfsg-1ubuntu4.20_amd64.deb ...
Unpacking libapache2-mod-php5 (5.5.9+dfsg-1ubuntu4.20) ...
Selecting previously unselected package libmcrypt4.
Preparing to unpack .../libmcrypt4_2.5.8-3.1ubuntu1_amd64.deb ...
Unpacking libmcrypt4 (2.5.8-3.1ubuntu1) ...
Selecting previously unselected package php5.
Preparing to unpack .../php5_5.5.9+dfsg-1ubuntu4.20_all.deb ...
Unpacking php5 (5.5.9+dfsg-1ubuntu4.20) ...
Selecting previously unselected package php5-mcrypt.
Preparing to unpack .../php5-mcrypt_5.4.6-0ubuntu5_amd64.deb ...
Unpacking php5-mcrypt (5.4.6-0ubuntu5) ...
Selecting previously unselected package ssl-cert.
Preparing to unpack .../ssl-cert_1.0.33_all.deb ...
Unpacking ssl-cert (1.0.33) ...
Processing triggers for ureadahead (0.100.0-16) ...
Setting up libroken18-heimdal:amd64 (1.6~git20131207+dfsg-1ubuntu1.1) ...
Setting up libasn1-8-heimdal:amd64 (1.6~git20131207+dfsg-1ubuntu1.1) ...
Setting up libedit2:amd64 (3.1-20130712-2) ...
Setting up libhcrypto4-heimdal:amd64 (1.6~git20131207+dfsg-1ubuntu1.1) ...
Setting up libheimbase1-heimdal:amd64 (1.6~git20131207+dfsg-1ubuntu1.1) ...
Setting up libwind0-heimdal:amd64 (1.6~git20131207+dfsg-1ubuntu1.1) ...
Setting up libhx509-5-heimdal:amd64 (1.6~git20131207+dfsg-1ubuntu1.1) ...
Setting up libkrb5-26-heimdal:amd64 (1.6~git20131207+dfsg-1ubuntu1.1) ...
Setting up libheimntlm0-heimdal:amd64 (1.6~git20131207+dfsg-1ubuntu1.1) ...
Setting up libgssapi3-heimdal:amd64 (1.6~git20131207+dfsg-1ubuntu1.1) ...
Setting up libsasl2-modules-db:amd64 (2.1.25.dfsg1-17build1) ...
Setting up libsasl2-2:amd64 (2.1.25.dfsg1-17build1) ...
Setting up libldap-2.4-2:amd64 (2.4.31-1+nmu2ubuntu8.3) ...
Setting up libxml2:amd64 (2.9.1+dfsg1-3ubuntu4.8) ...
Setting up sgml-base (1.26+nmu4ubuntu1) ...
Setting up libapr1:amd64 (1.5.0-1) ...
Setting up libaprutil1:amd64 (1.5.3-1) ...
Setting up mysql-common (5.5.54-0ubuntu0.14.04.1) ...
Setting up libmysqlclient18:amd64 (5.5.54-0ubuntu0.14.04.1) ...
Setting up psmisc (22.20-1ubuntu2) ...
Setting up lsof (4.86+dfsg-1ubuntu2) ...
Setting up libsasl2-modules:amd64 (2.1.25.dfsg1-17build1) ...
Setting up openssl (1.0.1f-1ubuntu2.21) ...
Setting up xml-core (0.13+nmu2) ...
Setting up libaprutil1-dbd-sqlite3:amd64 (1.5.3-1) ...
Setting up libaprutil1-ldap:amd64 (1.5.3-1) ...
Setting up apache2-bin (2.4.7-1ubuntu4.13) ...
Setting up apache2-data (2.4.7-1ubuntu4.13) ...
Setting up apache2 (2.4.7-1ubuntu4.13) ...
Enabling module mpm_event.
Enabling module authz_core.
Enabling module authz_host.
Enabling module authn_core.
Enabling module auth_basic.
Enabling module access_compat.
Enabling module authn_file.
Enabling module authz_user.
Enabling module alias.
Enabling module dir.
Enabling module autoindex.
Enabling module env.
Enabling module mime.
Enabling module negotiation.
Enabling module setenvif.
Enabling module filter.
Enabling module deflate.
Enabling module status.
Enabling conf charset.
Enabling conf localized-error-pages.
Enabling conf other-vhosts-access-log.
Enabling conf security.
Enabling conf serve-cgi-bin.
Enabling site 000-default.
[91minvoke-rc.d: policy-rc.d denied execution of start.
[0mSetting up libapache2-mod-auth-mysql (4.3.9-13.1ubuntu3) ...
Setting up libmcrypt4 (2.5.8-3.1ubuntu1) ...
Setting up ssl-cert (1.0.33) ...
[91mdebconf: unable to initialize frontend: Dialog
[0m[91mdebconf: (TERM is not set, so the dialog frontend is not usable.)
debconf: falling back to frontend: Readline
[0m[91mdebconf: unable to initialize frontend: Readline
[0m[91mdebconf: (This frontend requires a controlling tty.)
[0m[91mdebconf: falling back to frontend: Teletype
[0mSetting up php5-common (5.5.9+dfsg-1ubuntu4.20) ...
[91mdebconf: unable to initialize frontend: Dialog
debconf: (TERM is not set, so the dialog frontend is not usable.)
debconf: falling back to frontend: Readline
[0m[91mdebconf: unable to initialize frontend: Readline
debconf: (This frontend requires a controlling tty.)
[0m[91mdebconf: falling back to frontend: Teletype
[0m[91m
Creating config file /etc/php5/mods-available/pdo.ini with new version
[0m[91mphp5_invoke: Enable module pdo for apache2 SAPI
[0m[91mphp5_invoke: Enable module pdo for cli SAPI
[0m[91mdebconf: unable to initialize frontend: Dialog
debconf: (TERM is not set, so the dialog frontend is not usable.)
debconf: falling back to frontend: Readline
[0m[91mdebconf: unable to initialize frontend: Readline
[0m[91mdebconf: (This frontend requires a controlling tty.)
debconf: falling back to frontend: Teletype
[0m[91m
Creating config file /etc/php5/mods-available/opcache.ini with new version
[0m[91mphp5_invoke: Enable module opcache for apache2 SAPI
[0m[91mphp5_invoke: Enable module opcache for cli SAPI
[0mSetting up php5-mysql (5.5.9+dfsg-1ubuntu4.20) ...
[91mdebconf: unable to initialize frontend: Dialog
debconf: (TERM is not set, so the dialog frontend is not usable.)
debconf: falling back to frontend: Readline
[0m[91mdebconf: unable to initialize frontend: Readline
debconf: (This frontend requires a controlling tty.)
[0m[91mdebconf: falling back to frontend: Teletype
[0m[91m
Creating config file /etc/php5/mods-available/mysql.ini with new version
[0m[91mphp5_invoke: Enable module mysql for apache2 SAPI
[0m[91mphp5_invoke: Enable module mysql for cli SAPI
[0m[91mdebconf: unable to initialize frontend: Dialog
debconf: (TERM is not set, so the dialog frontend is not usable.)
debconf: falling back to frontend: Readline
[0m[91mdebconf: unable to initialize frontend: Readline
debconf: (This frontend requires a controlling tty.)
debconf: falling back to frontend: Teletype
[0m[91m
[0m[91mCreating config file /etc/php5/mods-available/mysqli.ini with new version
[0m[91mphp5_invoke: Enable module mysqli for apache2 SAPI
[0m[91mphp5_invoke: Enable module mysqli for cli SAPI
[0m[91mdebconf: unable to initialize frontend: Dialog
debconf: (TERM is not set, so the dialog frontend is not usable.)
debconf: falling back to frontend: Readline
[0m[91mdebconf: unable to initialize frontend: Readline
debconf: (This frontend requires a controlling tty.)
[0m[91mdebconf: falling back to frontend: Teletype
[0m[91m
[0m[91mCreating config file /etc/php5/mods-available/pdo_mysql.ini with new version
[0m[91mphp5_invoke: Enable module pdo_mysql for apache2 SAPI
[0m[91mphp5_invoke: Enable module pdo_mysql for cli SAPI
[0mSetting up php5-cli (5.5.9+dfsg-1ubuntu4.20) ...
update-alternatives: using /usr/bin/php5 to provide /usr/bin/php (php) in auto mode
[91mdebconf: unable to initialize frontend: Dialog
debconf: (TERM is not set, so the dialog frontend is not usable.)
[0m[91mdebconf: falling back to frontend: Readline
[0m[91mdebconf: unable to initialize frontend: Readline
debconf: (This frontend requires a controlling tty.)
[0m[91mdebconf: falling back to frontend: Teletype
[0m[91m
Creating config file /etc/php5/cli/php.ini with new version
[0m[91mphp5_invoke pdo: already enabled for cli SAPI
[0m[91mphp5_invoke opcache: already enabled for cli SAPI
[0m[91mphp5_invoke pdo_mysql: already enabled for cli SAPI
[0m[91mphp5_invoke mysqli: already enabled for cli SAPI
[0m[91mphp5_invoke mysql: already enabled for cli SAPI
[0mSetting up php5-readline (5.5.9+dfsg-1ubuntu4.20) ...
[91mdebconf: unable to initialize frontend: Dialog
debconf: (TERM is not set, so the dialog frontend is not usable.)
debconf: falling back to frontend: Readline
[0m[91mdebconf: unable to initialize frontend: Readline
debconf: (This frontend requires a controlling tty.)
debconf: falling back to frontend: Teletype
[0m[91m
[0m[91mCreating config file /etc/php5/mods-available/readline.ini with new version
[0m[91mphp5_invoke: Enable module readline for apache2 SAPI
[0m[91mphp5_invoke: Enable module readline for cli SAPI
[0mSetting up php5-mcrypt (5.4.6-0ubuntu5) ...
Setting up php5-json (1.3.2-2build1) ...
[91mphp5_invoke: Enable module json for apache2 SAPI
[0m[91mphp5_invoke: Enable module json for cli SAPI
[0mProcessing triggers for ureadahead (0.100.0-16) ...
Setting up libapache2-mod-php5 (5.5.9+dfsg-1ubuntu4.20) ...
[91mdebconf: unable to initialize frontend: Dialog
debconf: (TERM is not set, so the dialog frontend is not usable.)
debconf: falling back to frontend: Readline
[0m[91mdebconf: unable to initialize frontend: Readline
debconf: (This frontend requires a controlling tty.)
debconf: falling back to frontend: Teletype
[0m[91m
Creating config file /etc/php5/apache2/php.ini with new version
[0m[91mphp5_invoke readline: already enabled for apache2 SAPI
[0m[91mphp5_invoke pdo: already enabled for apache2 SAPI
[0m[91mphp5_invoke json: already enabled for apache2 SAPI
[0m[91mphp5_invoke opcache: already enabled for apache2 SAPI
[0m[91mphp5_invoke pdo_mysql: already enabled for apache2 SAPI
[0m[91mphp5_invoke mysqli: already enabled for apache2 SAPI
[0m[91mphp5_invoke mysql: already enabled for apache2 SAPI
[0mModule mpm_event disabled.
Enabling module mpm_prefork.
[91mapache2_switch_mpm Switch to prefork
[0m[91minvoke-rc.d: policy-rc.d denied execution of restart.
[0m[91mapache2_invoke: Enable module php5
[0m[91minvoke-rc.d: policy-rc.d denied execution of restart.
[0mSetting up php5 (5.5.9+dfsg-1ubuntu4.20) ...
Processing triggers for libc-bin (2.19-0ubuntu6.9) ...
Processing triggers for sgml-base (1.26+nmu4ubuntu1) ...
 ---> 62f49c0cfb5f
Removing intermediate container 0c72a0ad9073
Step 4/7 : VOLUME /var/www/html /var/log/apache2
 ---> Running in 15034f40cecb
 ---> 6ff31c793638
Removing intermediate container 15034f40cecb
Step 5/7 : EXPOSE 80 443
 ---> Running in d4ebd61ad62e
 ---> 82130e893c3b
Removing intermediate container d4ebd61ad62e
Step 6/7 : WORKDIR /var/www/html
 ---> e53b11bdafca
Removing intermediate container 0babe3aaa8e0
Step 7/7 : ENTRYPOINT apache2ctl -D FOREGROUND
 ---> Running in a7e0385e05e4
 ---> bb0533605ee8
Removing intermediate container a7e0385e05e4
Successfully built bb0533605ee8
